2011-11-27 17:15:50 Error: [MissingViewException] View file "/var/www/videotheque/app/View/Videos/index.ctp" is missing.
#0 /var/www/videotheque/lib/Cake/View/View.php(363): View->_getViewFileName(NULL)
#1 /var/www/videotheque/lib/Cake/Controller/Controller.php(900): View->render(NULL, NULL)
#2 /var/www/videotheque/lib/Cake/Routing/Dispatcher.php(114): Controller->render()
#3 /var/www/videotheque/lib/Cake/Routing/Dispatcher.php(89): Dispatcher->_invoke(Object(VideosController), Object(CakeRequest), Object(CakeResponse))
#4 /var/www/videotheque/app/webroot/index.php(96): Dispatcher->dispatch(Object(CakeRequest), Object(CakeResponse))
#5 {main}
2011-11-27 17:18:59 Error: [MissingViewException] View file "/var/www/videotheque/app/View/Videos/index.ctp" is missing.
#0 /var/www/videotheque/lib/Cake/View/View.php(363): View->_getViewFileName(NULL)
#1 /var/www/videotheque/lib/Cake/Controller/Controller.php(900): View->render(NULL, NULL)
#2 /var/www/videotheque/lib/Cake/Routing/Dispatcher.php(114): Controller->render()
#3 /var/www/videotheque/lib/Cake/Routing/Dispatcher.php(89): Dispatcher->_invoke(Object(VideosController), Object(CakeRequest), Object(CakeResponse))
#4 /var/www/videotheque/app/webroot/index.php(96): Dispatcher->dispatch(Object(CakeRequest), Object(CakeResponse))
#5 {main}
2011-12-21 14:54:13 Error: [PDOException] SQLSTATE[42S22]: Column not found: 1054 Unknown column 'Video.titre' in 'field list'
#0 /var/www/videotheque/lib/Cake/Model/Datasource/DboSource.php(436): PDOStatement->execute(Array)
#1 /var/www/videotheque/lib/Cake/Model/Datasource/DboSource.php(403): DboSource->_execute('SELECT `Video`....', Array)
#2 /var/www/videotheque/lib/Cake/Model/Datasource/DboSource.php(647): DboSource->execute('SELECT `Video`....', Array, Array)
#3 /var/www/videotheque/lib/Cake/Model/Datasource/DboSource.php(1040): DboSource->fetchAll('SELECT `Video`....', false)
#4 /var/www/videotheque/lib/Cake/Model/Model.php(2460): DboSource->read(Object(Video), Array)
#5 /var/www/videotheque/app/Controller/videos_controller.php(8): Model->find('all', Array)
#6 [internal function]: VideosController->index()
#7 /var/www/videotheque/lib/Cake/Controller/Controller.php(473): ReflectionMethod->invokeArgs(Object(VideosController), Array)
#8 /var/www/videotheque/lib/Cake/Routing/Dispatcher.php(107): Controller->invokeAction(Object(CakeRequest))
#9 /var/www/videotheque/lib/Cake/Routing/Dispatcher.php(89): Dispatcher->_invoke(Object(VideosController), Object(CakeRequest), Object(CakeResponse))
#10 /var/www/videotheque/app/webroot/index.php(96): Dispatcher->dispatch(Object(CakeRequest), Object(CakeResponse))
#11 {main}
2011-12-21 15:10:09 Error: [MissingControllerException] Controller class VideosController could not be found.
#0 /var/www/videotheque/app/webroot/index.php(96): Dispatcher->dispatch(Object(CakeRequest), Object(CakeResponse))
#1 {main}
2011-12-21 15:10:40 Error: [MissingControllerException] Controller class VideosController could not be found.
#0 /var/www/videotheque/app/webroot/index.php(96): Dispatcher->dispatch(Object(CakeRequest), Object(CakeResponse))
#1 {main}
2011-12-21 15:11:08 Error: [MissingControllerException] Controller class VideoslistController could not be found.
#0 /var/www/videotheque/app/webroot/index.php(96): Dispatcher->dispatch(Object(CakeRequest), Object(CakeResponse))
#1 {main}
2011-12-21 15:11:14 Error: [MissingControllerException] Controller class VideosListController could not be found.
#0 /var/www/videotheque/app/webroot/index.php(96): Dispatcher->dispatch(Object(CakeRequest), Object(CakeResponse))
#1 {main}
2011-12-21 15:11:27 Error: [MissingControllerException] Controller class VideoListController could not be found.
#0 /var/www/videotheque/app/webroot/index.php(96): Dispatcher->dispatch(Object(CakeRequest), Object(CakeResponse))
#1 {main}
2011-12-21 15:12:47 Error: [MissingViewException] View file "/var/www/videotheque/app/View/VideoList/index.ctp" is missing.
#0 /var/www/videotheque/lib/Cake/View/View.php(363): View->_getViewFileName(NULL)
#1 /var/www/videotheque/lib/Cake/Controller/Controller.php(900): View->render(NULL, NULL)
#2 /var/www/videotheque/lib/Cake/Routing/Dispatcher.php(114): Controller->render()
#3 /var/www/videotheque/lib/Cake/Routing/Dispatcher.php(89): Dispatcher->_invoke(Object(VideoListController), Object(CakeRequest), Object(CakeResponse))
#4 /var/www/videotheque/app/webroot/index.php(96): Dispatcher->dispatch(Object(CakeRequest), Object(CakeResponse))
#5 {main}
2011-12-21 15:15:54 Error: [MissingViewException] View file "/var/www/videotheque/app/View/VideoList/index.ctp" is missing.
#0 /var/www/videotheque/lib/Cake/View/View.php(363): View->_getViewFileName(NULL)
#1 /var/www/videotheque/lib/Cake/Controller/Controller.php(900): View->render(NULL, NULL)
#2 /var/www/videotheque/lib/Cake/Routing/Dispatcher.php(114): Controller->render()
#3 /var/www/videotheque/lib/Cake/Routing/Dispatcher.php(89): Dispatcher->_invoke(Object(VideoListController), Object(CakeRequest), Object(CakeResponse))
#4 /var/www/videotheque/app/webroot/index.php(96): Dispatcher->dispatch(Object(CakeRequest), Object(CakeResponse))
#5 {main}
2011-12-21 15:16:18 Error: [MissingViewException] View file "/var/www/videotheque/app/View/VideoList/index.ctp" is missing.
#0 /var/www/videotheque/lib/Cake/View/View.php(363): View->_getViewFileName(NULL)
#1 /var/www/videotheque/lib/Cake/Controller/Controller.php(900): View->render(NULL, NULL)
#2 /var/www/videotheque/lib/Cake/Routing/Dispatcher.php(114): Controller->render()
#3 /var/www/videotheque/lib/Cake/Routing/Dispatcher.php(89): Dispatcher->_invoke(Object(VideoListController), Object(CakeRequest), Object(CakeResponse))
#4 /var/www/videotheque/app/webroot/index.php(96): Dispatcher->dispatch(Object(CakeRequest), Object(CakeResponse))
#5 {main}
2011-12-21 16:09:45 Error: [MissingControllerException] Controller class VideoListController could not be found.
#0 /var/www/videotheque/app/webroot/index.php(96): Dispatcher->dispatch(Object(CakeRequest), Object(CakeResponse))
#1 {main}
2011-12-21 16:40:04 Error: [MissingActionException] Action VideosController::show() could not be found.
#0 /var/www/videotheque/lib/Cake/Routing/Dispatcher.php(107): Controller->invokeAction(Object(CakeRequest))
#1 /var/www/videotheque/lib/Cake/Routing/Dispatcher.php(89): Dispatcher->_invoke(Object(VideosController), Object(CakeRequest), Object(CakeResponse))
#2 /var/www/videotheque/app/webroot/index.php(96): Dispatcher->dispatch(Object(CakeRequest), Object(CakeResponse))
#3 {main}
2011-12-21 16:44:27 Error: [MissingActionException] Action VideosController::show() could not be found.
#0 /var/www/videotheque/lib/Cake/Routing/Dispatcher.php(107): Controller->invokeAction(Object(CakeRequest))
#1 /var/www/videotheque/lib/Cake/Routing/Dispatcher.php(89): Dispatcher->_invoke(Object(VideosController), Object(CakeRequest), Object(CakeResponse))
#2 /var/www/videotheque/app/webroot/index.php(96): Dispatcher->dispatch(Object(CakeRequest), Object(CakeResponse))
#3 {main}
2011-12-21 16:46:19 Error: [MissingActionException] Action VideosController::show() could not be found.
#0 /var/www/videotheque/lib/Cake/Routing/Dispatcher.php(107): Controller->invokeAction(Object(CakeRequest))
#1 /var/www/videotheque/lib/Cake/Routing/Dispatcher.php(89): Dispatcher->_invoke(Object(VideosController), Object(CakeRequest), Object(CakeResponse))
#2 /var/www/videotheque/app/webroot/index.php(96): Dispatcher->dispatch(Object(CakeRequest), Object(CakeResponse))
#3 {main}
2011-12-21 16:46:49 Error: [MissingActionException] Action VideosController::show() could not be found.
#0 /var/www/videotheque/lib/Cake/Routing/Dispatcher.php(107): Controller->invokeAction(Object(CakeRequest))
#1 /var/www/videotheque/lib/Cake/Routing/Dispatcher.php(89): Dispatcher->_invoke(Object(VideosController), Object(CakeRequest), Object(CakeResponse))
#2 /var/www/videotheque/app/webroot/index.php(96): Dispatcher->dispatch(Object(CakeRequest), Object(CakeResponse))
#3 {main}
2011-12-21 16:46:57 Error: [MissingActionException] Action VideosController::show() could not be found.
#0 /var/www/videotheque/lib/Cake/Routing/Dispatcher.php(107): Controller->invokeAction(Object(CakeRequest))
#1 /var/www/videotheque/lib/Cake/Routing/Dispatcher.php(89): Dispatcher->_invoke(Object(VideosController), Object(CakeRequest), Object(CakeResponse))
#2 /var/www/videotheque/app/webroot/index.php(96): Dispatcher->dispatch(Object(CakeRequest), Object(CakeResponse))
#3 {main}
2011-12-21 17:10:52 Error: [MissingViewException] View file "/var/www/videotheque/app/View/Videos/show.ctp" is missing.
#0 /var/www/videotheque/lib/Cake/View/View.php(363): View->_getViewFileName(NULL)
#1 /var/www/videotheque/lib/Cake/Controller/Controller.php(900): View->render(NULL, NULL)
#2 /var/www/videotheque/lib/Cake/Routing/Dispatcher.php(114): Controller->render()
#3 /var/www/videotheque/lib/Cake/Routing/Dispatcher.php(89): Dispatcher->_invoke(Object(VideosController), Object(CakeRequest), Object(CakeResponse))
#4 /var/www/videotheque/app/webroot/index.php(96): Dispatcher->dispatch(Object(CakeRequest), Object(CakeResponse))
#5 {main}
2011-12-21 17:24:35 Error: [MissingViewException] View file "/var/www/videotheque/app/View/Videos/show.ctp" is missing.
#0 /var/www/videotheque/lib/Cake/View/View.php(363): View->_getViewFileName(NULL)
#1 /var/www/videotheque/lib/Cake/Controller/Controller.php(900): View->render(NULL, NULL)
#2 /var/www/videotheque/lib/Cake/Routing/Dispatcher.php(114): Controller->render()
#3 /var/www/videotheque/lib/Cake/Routing/Dispatcher.php(89): Dispatcher->_invoke(Object(VideosController), Object(CakeRequest), Object(CakeResponse))
#4 /var/www/videotheque/app/webroot/index.php(96): Dispatcher->dispatch(Object(CakeRequest), Object(CakeResponse))
#5 {main}
2011-12-21 17:25:35 Error: [MissingViewException] View file "/var/www/videotheque/app/View/Videos/show.ctp" is missing.
#0 /var/www/videotheque/lib/Cake/View/View.php(363): View->_getViewFileName(NULL)
#1 /var/www/videotheque/lib/Cake/Controller/Controller.php(900): View->render(NULL, NULL)
#2 /var/www/videotheque/lib/Cake/Routing/Dispatcher.php(114): Controller->render()
#3 /var/www/videotheque/lib/Cake/Routing/Dispatcher.php(89): Dispatcher->_invoke(Object(VideosController), Object(CakeRequest), Object(CakeResponse))
#4 /var/www/videotheque/app/webroot/index.php(96): Dispatcher->dispatch(Object(CakeRequest), Object(CakeResponse))
#5 {main}
2011-12-21 17:25:43 Error: [MissingControllerException] Controller class VideoController could not be found.
#0 /var/www/videotheque/app/webroot/index.php(96): Dispatcher->dispatch(Object(CakeRequest), Object(CakeResponse))
#1 {main}
2011-12-21 17:44:18 Error: [MissingViewException] View file "/var/www/videotheque/app/View/Videos/show.ctp" is missing.
#0 /var/www/videotheque/lib/Cake/View/View.php(363): View->_getViewFileName(NULL)
#1 /var/www/videotheque/lib/Cake/Controller/Controller.php(900): View->render(NULL, NULL)
#2 /var/www/videotheque/lib/Cake/Routing/Dispatcher.php(114): Controller->render()
#3 /var/www/videotheque/lib/Cake/Routing/Dispatcher.php(89): Dispatcher->_invoke(Object(VideosController), Object(CakeRequest), Object(CakeResponse))
#4 /var/www/videotheque/app/webroot/index.php(96): Dispatcher->dispatch(Object(CakeRequest), Object(CakeResponse))
#5 {main}
2011-12-21 17:44:53 Error: [MissingViewException] View file "/var/www/videotheque/app/View/Videos/show.ctp" is missing.
#0 /var/www/videotheque/lib/Cake/View/View.php(363): View->_getViewFileName(NULL)
#1 /var/www/videotheque/lib/Cake/Controller/Controller.php(900): View->render(NULL, NULL)
#2 /var/www/videotheque/lib/Cake/Routing/Dispatcher.php(114): Controller->render()
#3 /var/www/videotheque/lib/Cake/Routing/Dispatcher.php(89): Dispatcher->_invoke(Object(VideosController), Object(CakeRequest), Object(CakeResponse))
#4 /var/www/videotheque/app/webroot/index.php(96): Dispatcher->dispatch(Object(CakeRequest), Object(CakeResponse))
#5 {main}
2011-12-21 17:45:00 Error: [MissingActionException] Action VideosController::Hugo%20Cabret() could not be found.
#0 /var/www/videotheque/lib/Cake/Routing/Dispatcher.php(107): Controller->invokeAction(Object(CakeRequest))
#1 /var/www/videotheque/lib/Cake/Routing/Dispatcher.php(89): Dispatcher->_invoke(Object(VideosController), Object(CakeRequest), Object(CakeResponse))
#2 /var/www/videotheque/app/webroot/index.php(96): Dispatcher->dispatch(Object(CakeRequest), Object(CakeResponse))
#3 {main}
2011-12-21 17:47:23 Error: [MissingActionException] Action VideosController::Hugo%20Cabret() could not be found.
#0 /var/www/videotheque/lib/Cake/Routing/Dispatcher.php(107): Controller->invokeAction(Object(CakeRequest))
#1 /var/www/videotheque/lib/Cake/Routing/Dispatcher.php(89): Dispatcher->_invoke(Object(VideosController), Object(CakeRequest), Object(CakeResponse))
#2 /var/www/videotheque/app/webroot/index.php(96): Dispatcher->dispatch(Object(CakeRequest), Object(CakeResponse))
#3 {main}
2011-12-21 17:48:30 Error: [MissingViewException] View file "/var/www/videotheque/app/View/Videos/show.ctp" is missing.
#0 /var/www/videotheque/lib/Cake/View/View.php(363): View->_getViewFileName(NULL)
#1 /var/www/videotheque/lib/Cake/Controller/Controller.php(900): View->render(NULL, NULL)
#2 /var/www/videotheque/lib/Cake/Routing/Dispatcher.php(114): Controller->render()
#3 /var/www/videotheque/lib/Cake/Routing/Dispatcher.php(89): Dispatcher->_invoke(Object(VideosController), Object(CakeRequest), Object(CakeResponse))
#4 /var/www/videotheque/app/webroot/index.php(96): Dispatcher->dispatch(Object(CakeRequest), Object(CakeResponse))
#5 {main}
2011-12-21 17:52:31 Error: [MissingViewException] View file "/var/www/videotheque/app/View/Videos/show.ctp" is missing.
#0 /var/www/videotheque/lib/Cake/View/View.php(363): View->_getViewFileName(NULL)
#1 /var/www/videotheque/lib/Cake/Controller/Controller.php(900): View->render(NULL, NULL)
#2 /var/www/videotheque/lib/Cake/Routing/Dispatcher.php(114): Controller->render()
#3 /var/www/videotheque/lib/Cake/Routing/Dispatcher.php(89): Dispatcher->_invoke(Object(VideosController), Object(CakeRequest), Object(CakeResponse))
#4 /var/www/videotheque/app/webroot/index.php(96): Dispatcher->dispatch(Object(CakeRequest), Object(CakeResponse))
#5 {main}
2011-12-21 18:00:04 Error: [MissingViewException] View file "/var/www/videotheque/app/View/Videos/show.ctp" is missing.
#0 /var/www/videotheque/lib/Cake/View/View.php(363): View->_getViewFileName(NULL)
#1 /var/www/videotheque/lib/Cake/Controller/Controller.php(900): View->render(NULL, NULL)
#2 /var/www/videotheque/lib/Cake/Routing/Dispatcher.php(114): Controller->render()
#3 /var/www/videotheque/lib/Cake/Routing/Dispatcher.php(89): Dispatcher->_invoke(Object(VideosController), Object(CakeRequest), Object(CakeResponse))
#4 /var/www/videotheque/app/webroot/index.php(96): Dispatcher->dispatch(Object(CakeRequest), Object(CakeResponse))
#5 {main}
2011-12-21 18:14:44 Error: [MissingActionException] Action VideosController::index() could not be found.
#0 /var/www/videotheque/lib/Cake/Routing/Dispatcher.php(107): Controller->invokeAction(Object(CakeRequest))
#1 /var/www/videotheque/lib/Cake/Routing/Dispatcher.php(89): Dispatcher->_invoke(Object(VideosController), Object(CakeRequest), Object(CakeResponse))
#2 /var/www/videotheque/app/webroot/index.php(96): Dispatcher->dispatch(Object(CakeRequest), Object(CakeResponse))
#3 {main}
2011-12-21 18:17:55 Error: [MissingActionException] Action VideosController::index() could not be found.
#0 /var/www/videotheque/lib/Cake/Routing/Dispatcher.php(107): Controller->invokeAction(Object(CakeRequest))
#1 /var/www/videotheque/lib/Cake/Routing/Dispatcher.php(89): Dispatcher->_invoke(Object(VideosController), Object(CakeRequest), Object(CakeResponse))
#2 /var/www/videotheque/app/webroot/index.php(96): Dispatcher->dispatch(Object(CakeRequest), Object(CakeResponse))
#3 {main}
2011-12-21 18:18:06 Error: [MissingViewException] View file "/var/www/videotheque/app/View/Videos/show.ctp" is missing.
#0 /var/www/videotheque/lib/Cake/View/View.php(363): View->_getViewFileName(NULL)
#1 /var/www/videotheque/lib/Cake/Controller/Controller.php(900): View->render(NULL, NULL)
#2 /var/www/videotheque/lib/Cake/Routing/Dispatcher.php(114): Controller->render()
#3 /var/www/videotheque/lib/Cake/Routing/Dispatcher.php(89): Dispatcher->_invoke(Object(VideosController), Object(CakeRequest), Object(CakeResponse))
#4 /var/www/videotheque/app/webroot/index.php(96): Dispatcher->dispatch(Object(CakeRequest), Object(CakeResponse))
#5 {main}
2011-12-21 18:31:39 Error: [NotFoundException] Aucune vidéo ne correspond à cet ID.
#0 [internal function]: VideosController->show('11', 'Hugo_Cabret')
#1 /var/www/videotheque/lib/Cake/Controller/Controller.php(473): ReflectionMethod->invokeArgs(Object(VideosController), Array)
#2 /var/www/videotheque/lib/Cake/Routing/Dispatcher.php(107): Controller->invokeAction(Object(CakeRequest))
#3 /var/www/videotheque/lib/Cake/Routing/Dispatcher.php(89): Dispatcher->_invoke(Object(VideosController), Object(CakeRequest), Object(CakeResponse))
#4 /var/www/videotheque/app/webroot/index.php(96): Dispatcher->dispatch(Object(CakeRequest), Object(CakeResponse))
#5 {main}
2011-12-21 18:32:32 Error: [NotFoundException] Aucune vidéo ne correspond à cet ID.
#0 [internal function]: VideosController->show('11', 'Hugo_Cabret')
#1 /var/www/videotheque/lib/Cake/Controller/Controller.php(473): ReflectionMethod->invokeArgs(Object(VideosController), Array)
#2 /var/www/videotheque/lib/Cake/Routing/Dispatcher.php(107): Controller->invokeAction(Object(CakeRequest))
#3 /var/www/videotheque/lib/Cake/Routing/Dispatcher.php(89): Dispatcher->_invoke(Object(VideosController), Object(CakeRequest), Object(CakeResponse))
#4 /var/www/videotheque/app/webroot/index.php(96): Dispatcher->dispatch(Object(CakeRequest), Object(CakeResponse))
#5 {main}
2011-12-21 18:33:27 Error: [NotFoundException] Aucune vidéo ne correspond à cet ID.
#0 [internal function]: VideosController->show('11', 'Hugo_Cabret')
#1 /var/www/videotheque/lib/Cake/Controller/Controller.php(473): ReflectionMethod->invokeArgs(Object(VideosController), Array)
#2 /var/www/videotheque/lib/Cake/Routing/Dispatcher.php(107): Controller->invokeAction(Object(CakeRequest))
#3 /var/www/videotheque/lib/Cake/Routing/Dispatcher.php(89): Dispatcher->_invoke(Object(VideosController), Object(CakeRequest), Object(CakeResponse))
#4 /var/www/videotheque/app/webroot/index.php(96): Dispatcher->dispatch(Object(CakeRequest), Object(CakeResponse))
#5 {main}
2011-12-21 18:42:09 Error: [NotFoundException] Aucune vidéo ne correspond à cet ID.
#0 [internal function]: VideosController->show()
#1 /var/www/videotheque/lib/Cake/Controller/Controller.php(473): ReflectionMethod->invokeArgs(Object(VideosController), Array)
#2 /var/www/videotheque/lib/Cake/Routing/Dispatcher.php(107): Controller->invokeAction(Object(CakeRequest))
#3 /var/www/videotheque/lib/Cake/Routing/Dispatcher.php(89): Dispatcher->_invoke(Object(VideosController), Object(CakeRequest), Object(CakeResponse))
#4 /var/www/videotheque/lib/Cake/Core/Object.php(102): Dispatcher->dispatch(Object(CakeRequest), Object(CakeResponse), Array)
#5 /var/www/videotheque/app/View/Videos/show.ctp(1): Object->requestAction(Array)
#6 /var/www/videotheque/lib/Cake/View/View.php(598): include('/var/www/videot...')
#7 /var/www/videotheque/lib/Cake/View/View.php(365): View->_render('/var/www/videot...')
#8 /var/www/videotheque/lib/Cake/Controller/Controller.php(900): View->render(NULL, NULL)
#9 /var/www/videotheque/lib/Cake/Routing/Dispatcher.php(114): Controller->render()
#10 /var/www/videotheque/lib/Cake/Routing/Dispatcher.php(89): Dispatcher->_invoke(Object(VideosController), Object(CakeRequest), Object(CakeResponse))
#11 /var/www/videotheque/app/webroot/index.php(96): Dispatcher->dispatch(Object(CakeRequest), Object(CakeResponse))
#12 {main}
2011-12-21 18:42:39 Error: [NotFoundException] Aucune vidéo ne correspond à cet ID (.
#0 [internal function]: VideosController->show()
#1 /var/www/videotheque/lib/Cake/Controller/Controller.php(473): ReflectionMethod->invokeArgs(Object(VideosController), Array)
#2 /var/www/videotheque/lib/Cake/Routing/Dispatcher.php(107): Controller->invokeAction(Object(CakeRequest))
#3 /var/www/videotheque/lib/Cake/Routing/Dispatcher.php(89): Dispatcher->_invoke(Object(VideosController), Object(CakeRequest), Object(CakeResponse))
#4 /var/www/videotheque/lib/Cake/Core/Object.php(102): Dispatcher->dispatch(Object(CakeRequest), Object(CakeResponse), Array)
#5 /var/www/videotheque/app/View/Videos/show.ctp(1): Object->requestAction(Array)
#6 /var/www/videotheque/lib/Cake/View/View.php(598): include('/var/www/videot...')
#7 /var/www/videotheque/lib/Cake/View/View.php(365): View->_render('/var/www/videot...')
#8 /var/www/videotheque/lib/Cake/Controller/Controller.php(900): View->render(NULL, NULL)
#9 /var/www/videotheque/lib/Cake/Routing/Dispatcher.php(114): Controller->render()
#10 /var/www/videotheque/lib/Cake/Routing/Dispatcher.php(89): Dispatcher->_invoke(Object(VideosController), Object(CakeRequest), Object(CakeResponse))
#11 /var/www/videotheque/app/webroot/index.php(96): Dispatcher->dispatch(Object(CakeRequest), Object(CakeResponse))
#12 {main}
2011-12-21 18:42:44 Error: [NotFoundException] Aucune vidéo ne correspond à cet ID ().
#0 [internal function]: VideosController->show()
#1 /var/www/videotheque/lib/Cake/Controller/Controller.php(473): ReflectionMethod->invokeArgs(Object(VideosController), Array)
#2 /var/www/videotheque/lib/Cake/Routing/Dispatcher.php(107): Controller->invokeAction(Object(CakeRequest))
#3 /var/www/videotheque/lib/Cake/Routing/Dispatcher.php(89): Dispatcher->_invoke(Object(VideosController), Object(CakeRequest), Object(CakeResponse))
#4 /var/www/videotheque/lib/Cake/Core/Object.php(102): Dispatcher->dispatch(Object(CakeRequest), Object(CakeResponse), Array)
#5 /var/www/videotheque/app/View/Videos/show.ctp(1): Object->requestAction(Array)
#6 /var/www/videotheque/lib/Cake/View/View.php(598): include('/var/www/videot...')
#7 /var/www/videotheque/lib/Cake/View/View.php(365): View->_render('/var/www/videot...')
#8 /var/www/videotheque/lib/Cake/Controller/Controller.php(900): View->render(NULL, NULL)
#9 /var/www/videotheque/lib/Cake/Routing/Dispatcher.php(114): Controller->render()
#10 /var/www/videotheque/lib/Cake/Routing/Dispatcher.php(89): Dispatcher->_invoke(Object(VideosController), Object(CakeRequest), Object(CakeResponse))
#11 /var/www/videotheque/app/webroot/index.php(96): Dispatcher->dispatch(Object(CakeRequest), Object(CakeResponse))
#12 {main}
2011-12-21 18:53:13 Error: [MissingControllerException] Controller class VideoController could not be found.
#0 /var/www/videotheque/app/webroot/index.php(96): Dispatcher->dispatch(Object(CakeRequest), Object(CakeResponse))
#1 {main}
2011-12-21 19:04:29 Error: [MissingControllerException] Controller class VideoController could not be found.
#0 /var/www/videotheque/app/webroot/index.php(96): Dispatcher->dispatch(Object(CakeRequest), Object(CakeResponse))
#1 {main}
2012-05-18 18:39:40 Error: [PDOException] SQLSTATE[42S02]: Base table or view not found: 1146 Table 'videotheque.videos' doesn't exist
#0 /opt/lampp/htdocs/videotheque/lib/Cake/Model/Datasource/DboSource.php(436): PDOStatement->execute(Array)
#1 /opt/lampp/htdocs/videotheque/lib/Cake/Model/Datasource/DboSource.php(403): DboSource->_execute('SELECT `Video`....', Array)
#2 /opt/lampp/htdocs/videotheque/lib/Cake/Model/Datasource/DboSource.php(647): DboSource->execute('SELECT `Video`....', Array, Array)
#3 /opt/lampp/htdocs/videotheque/lib/Cake/Model/Datasource/DboSource.php(1040): DboSource->fetchAll('SELECT `Video`....', false)
#4 /opt/lampp/htdocs/videotheque/lib/Cake/Model/Model.php(2460): DboSource->read(Object(Video), Array)
#5 /opt/lampp/htdocs/videotheque/app/Controller/VideosController.php(21): Model->find('all', Array)
#6 [internal function]: VideosController->index()
#7 /opt/lampp/htdocs/videotheque/lib/Cake/Controller/Controller.php(473): ReflectionMethod->invokeArgs(Object(VideosController), Array)
#8 /opt/lampp/htdocs/videotheque/lib/Cake/Routing/Dispatcher.php(107): Controller->invokeAction(Object(CakeRequest))
#9 /opt/lampp/htdocs/videotheque/lib/Cake/Routing/Dispatcher.php(89): Dispatcher->_invoke(Object(VideosController), Object(CakeRequest), Object(CakeResponse))
#10 /opt/lampp/htdocs/videotheque/app/webroot/index.php(96): Dispatcher->dispatch(Object(CakeRequest), Object(CakeResponse))
#11 {main}
2012-05-18 18:46:49 Error: [PDOException] SQLSTATE[42S02]: Base table or view not found: 1146 Table 'videotheque.videos' doesn't exist
#0 /opt/lampp/htdocs/videotheque/lib/Cake/Model/Datasource/DboSource.php(436): PDOStatement->execute(Array)
#1 /opt/lampp/htdocs/videotheque/lib/Cake/Model/Datasource/DboSource.php(403): DboSource->_execute('SELECT `Video`....', Array)
#2 /opt/lampp/htdocs/videotheque/lib/Cake/Model/Datasource/DboSource.php(647): DboSource->execute('SELECT `Video`....', Array, Array)
#3 /opt/lampp/htdocs/videotheque/lib/Cake/Model/Datasource/DboSource.php(1040): DboSource->fetchAll('SELECT `Video`....', false)
#4 /opt/lampp/htdocs/videotheque/lib/Cake/Model/Model.php(2460): DboSource->read(Object(Video), Array)
#5 /opt/lampp/htdocs/videotheque/app/Controller/VideosController.php(21): Model->find('all', Array)
#6 [internal function]: VideosController->index()
#7 /opt/lampp/htdocs/videotheque/lib/Cake/Controller/Controller.php(473): ReflectionMethod->invokeArgs(Object(VideosController), Array)
#8 /opt/lampp/htdocs/videotheque/lib/Cake/Routing/Dispatcher.php(107): Controller->invokeAction(Object(CakeRequest))
#9 /opt/lampp/htdocs/videotheque/lib/Cake/Routing/Dispatcher.php(89): Dispatcher->_invoke(Object(VideosController), Object(CakeRequest), Object(CakeResponse))
#10 /opt/lampp/htdocs/videotheque/app/webroot/index.php(96): Dispatcher->dispatch(Object(CakeRequest), Object(CakeResponse))
#11 {main}
2012-05-18 18:46:53 Error: [PDOException] SQLSTATE[42S02]: Base table or view not found: 1146 Table 'videotheque.videos' doesn't exist
#0 /opt/lampp/htdocs/videotheque/lib/Cake/Model/Datasource/DboSource.php(436): PDOStatement->execute(Array)
#1 /opt/lampp/htdocs/videotheque/lib/Cake/Model/Datasource/DboSource.php(403): DboSource->_execute('SELECT `Video`....', Array)
#2 /opt/lampp/htdocs/videotheque/lib/Cake/Model/Datasource/DboSource.php(647): DboSource->execute('SELECT `Video`....', Array, Array)
#3 /opt/lampp/htdocs/videotheque/lib/Cake/Model/Datasource/DboSource.php(1040): DboSource->fetchAll('SELECT `Video`....', false)
#4 /opt/lampp/htdocs/videotheque/lib/Cake/Model/Model.php(2460): DboSource->read(Object(Video), Array)
#5 /opt/lampp/htdocs/videotheque/app/Controller/VideosController.php(21): Model->find('all', Array)
#6 [internal function]: VideosController->index()
#7 /opt/lampp/htdocs/videotheque/lib/Cake/Controller/Controller.php(473): ReflectionMethod->invokeArgs(Object(VideosController), Array)
#8 /opt/lampp/htdocs/videotheque/lib/Cake/Routing/Dispatcher.php(107): Controller->invokeAction(Object(CakeRequest))
#9 /opt/lampp/htdocs/videotheque/lib/Cake/Routing/Dispatcher.php(89): Dispatcher->_invoke(Object(VideosController), Object(CakeRequest), Object(CakeResponse))
#10 /opt/lampp/htdocs/videotheque/app/webroot/index.php(96): Dispatcher->dispatch(Object(CakeRequest), Object(CakeResponse))
#11 {main}
2012-05-18 18:47:34 Error: [PDOException] SQLSTATE[42S02]: Base table or view not found: 1146 Table 'videotheque.videos' doesn't exist
#0 /opt/lampp/htdocs/videotheque/lib/Cake/Model/Datasource/DboSource.php(436): PDOStatement->execute(Array)
#1 /opt/lampp/htdocs/videotheque/lib/Cake/Model/Datasource/DboSource.php(403): DboSource->_execute('SELECT `Video`....', Array)
#2 /opt/lampp/htdocs/videotheque/lib/Cake/Model/Datasource/DboSource.php(647): DboSource->execute('SELECT `Video`....', Array, Array)
#3 /opt/lampp/htdocs/videotheque/lib/Cake/Model/Datasource/DboSource.php(1040): DboSource->fetchAll('SELECT `Video`....', false)
#4 /opt/lampp/htdocs/videotheque/lib/Cake/Model/Model.php(2460): DboSource->read(Object(Video), Array)
#5 /opt/lampp/htdocs/videotheque/app/Controller/VideosController.php(21): Model->find('all', Array)
#6 [internal function]: VideosController->index()
#7 /opt/lampp/htdocs/videotheque/lib/Cake/Controller/Controller.php(473): ReflectionMethod->invokeArgs(Object(VideosController), Array)
#8 /opt/lampp/htdocs/videotheque/lib/Cake/Routing/Dispatcher.php(107): Controller->invokeAction(Object(CakeRequest))
#9 /opt/lampp/htdocs/videotheque/lib/Cake/Routing/Dispatcher.php(89): Dispatcher->_invoke(Object(VideosController), Object(CakeRequest), Object(CakeResponse))
#10 /opt/lampp/htdocs/videotheque/app/webroot/index.php(96): Dispatcher->dispatch(Object(CakeRequest), Object(CakeResponse))
#11 {main}
2012-05-18 18:48:01 Error: [PDOException] SQLSTATE[42S02]: Base table or view not found: 1146 Table 'videotheque.videos' doesn't exist
#0 /opt/lampp/htdocs/videotheque/lib/Cake/Model/Datasource/DboSource.php(436): PDOStatement->execute(Array)
#1 /opt/lampp/htdocs/videotheque/lib/Cake/Model/Datasource/DboSource.php(403): DboSource->_execute('SELECT `Video`....', Array)
#2 /opt/lampp/htdocs/videotheque/lib/Cake/Model/Datasource/DboSource.php(647): DboSource->execute('SELECT `Video`....', Array, Array)
#3 /opt/lampp/htdocs/videotheque/lib/Cake/Model/Datasource/DboSource.php(1040): DboSource->fetchAll('SELECT `Video`....', false)
#4 /opt/lampp/htdocs/videotheque/lib/Cake/Model/Model.php(2460): DboSource->read(Object(Video), Array)
#5 /opt/lampp/htdocs/videotheque/app/Controller/VideosController.php(21): Model->find('all', Array)
#6 [internal function]: VideosController->index()
#7 /opt/lampp/htdocs/videotheque/lib/Cake/Controller/Controller.php(473): ReflectionMethod->invokeArgs(Object(VideosController), Array)
#8 /opt/lampp/htdocs/videotheque/lib/Cake/Routing/Dispatcher.php(107): Controller->invokeAction(Object(CakeRequest))
#9 /opt/lampp/htdocs/videotheque/lib/Cake/Routing/Dispatcher.php(89): Dispatcher->_invoke(Object(VideosController), Object(CakeRequest), Object(CakeResponse))
#10 /opt/lampp/htdocs/videotheque/app/webroot/index.php(96): Dispatcher->dispatch(Object(CakeRequest), Object(CakeResponse))
#11 {main}
2012-05-18 18:48:17 Error: [MissingControllerException] Controller class VideoController could not be found.
#0 /opt/lampp/htdocs/videotheque/app/webroot/index.php(96): Dispatcher->dispatch(Object(CakeRequest), Object(CakeResponse))
#1 {main}
2012-05-18 18:48:35 Error: [PDOException] SQLSTATE[42S02]: Base table or view not found: 1146 Table 'videotheque.videos' doesn't exist
#0 /opt/lampp/htdocs/videotheque/lib/Cake/Model/Datasource/DboSource.php(436): PDOStatement->execute(Array)
#1 /opt/lampp/htdocs/videotheque/lib/Cake/Model/Datasource/DboSource.php(403): DboSource->_execute('SELECT `Video`....', Array)
#2 /opt/lampp/htdocs/videotheque/lib/Cake/Model/Datasource/DboSource.php(647): DboSource->execute('SELECT `Video`....', Array, Array)
#3 /opt/lampp/htdocs/videotheque/lib/Cake/Model/Datasource/DboSource.php(1040): DboSource->fetchAll('SELECT `Video`....', false)
#4 /opt/lampp/htdocs/videotheque/lib/Cake/Model/Model.php(2460): DboSource->read(Object(Video), Array)
#5 /opt/lampp/htdocs/videotheque/app/Controller/VideosController.php(21): Model->find('all', Array)
#6 [internal function]: VideosController->index()
#7 /opt/lampp/htdocs/videotheque/lib/Cake/Controller/Controller.php(473): ReflectionMethod->invokeArgs(Object(VideosController), Array)
#8 /opt/lampp/htdocs/videotheque/lib/Cake/Routing/Dispatcher.php(107): Controller->invokeAction(Object(CakeRequest))
#9 /opt/lampp/htdocs/videotheque/lib/Cake/Routing/Dispatcher.php(89): Dispatcher->_invoke(Object(VideosController), Object(CakeRequest), Object(CakeResponse))
#10 /opt/lampp/htdocs/videotheque/app/webroot/index.php(96): Dispatcher->dispatch(Object(CakeRequest), Object(CakeResponse))
#11 {main}
2012-05-18 18:54:13 Error: [MissingActionException] Action VideosController::index.php() could not be found.
#0 /opt/lampp/htdocs/videotheque/lib/Cake/Routing/Dispatcher.php(107): Controller->invokeAction(Object(CakeRequest))
#1 /opt/lampp/htdocs/videotheque/lib/Cake/Routing/Dispatcher.php(89): Dispatcher->_invoke(Object(VideosController), Object(CakeRequest), Object(CakeResponse))
#2 /opt/lampp/htdocs/videotheque/app/webroot/index.php(96): Dispatcher->dispatch(Object(CakeRequest), Object(CakeResponse))
#3 {main}
2012-05-18 18:54:21 Error: [PDOException] SQLSTATE[42S02]: Base table or view not found: 1146 Table 'videotheque.videos' doesn't exist
#0 /opt/lampp/htdocs/videotheque/lib/Cake/Model/Datasource/DboSource.php(436): PDOStatement->execute(Array)
#1 /opt/lampp/htdocs/videotheque/lib/Cake/Model/Datasource/DboSource.php(403): DboSource->_execute('SELECT `Video`....', Array)
#2 /opt/lampp/htdocs/videotheque/lib/Cake/Model/Datasource/DboSource.php(647): DboSource->execute('SELECT `Video`....', Array, Array)
#3 /opt/lampp/htdocs/videotheque/lib/Cake/Model/Datasource/DboSource.php(1040): DboSource->fetchAll('SELECT `Video`....', false)
#4 /opt/lampp/htdocs/videotheque/lib/Cake/Model/Model.php(2460): DboSource->read(Object(Video), Array)
#5 /opt/lampp/htdocs/videotheque/app/Controller/VideosController.php(21): Model->find('all', Array)
#6 [internal function]: VideosController->index()
#7 /opt/lampp/htdocs/videotheque/lib/Cake/Controller/Controller.php(473): ReflectionMethod->invokeArgs(Object(VideosController), Array)
#8 /opt/lampp/htdocs/videotheque/lib/Cake/Routing/Dispatcher.php(107): Controller->invokeAction(Object(CakeRequest))
#9 /opt/lampp/htdocs/videotheque/lib/Cake/Routing/Dispatcher.php(89): Dispatcher->_invoke(Object(VideosController), Object(CakeRequest), Object(CakeResponse))
#10 /opt/lampp/htdocs/videotheque/app/webroot/index.php(96): Dispatcher->dispatch(Object(CakeRequest), Object(CakeResponse))
#11 {main}
2012-05-18 18:54:26 Error: [NotFoundException] ID nul
#0 [internal function]: VideosController->show()
#1 /opt/lampp/htdocs/videotheque/lib/Cake/Controller/Controller.php(473): ReflectionMethod->invokeArgs(Object(VideosController), Array)
#2 /opt/lampp/htdocs/videotheque/lib/Cake/Routing/Dispatcher.php(107): Controller->invokeAction(Object(CakeRequest))
#3 /opt/lampp/htdocs/videotheque/lib/Cake/Routing/Dispatcher.php(89): Dispatcher->_invoke(Object(VideosController), Object(CakeRequest), Object(CakeResponse))
#4 /opt/lampp/htdocs/videotheque/app/webroot/index.php(96): Dispatcher->dispatch(Object(CakeRequest), Object(CakeResponse))
#5 {main}
2012-05-18 18:54:33 Error: [PDOException] SQLSTATE[42S02]: Base table or view not found: 1146 Table 'videotheque.videos' doesn't exist
#0 /opt/lampp/htdocs/videotheque/lib/Cake/Model/Datasource/DboSource.php(436): PDOStatement->execute(Array)
#1 /opt/lampp/htdocs/videotheque/lib/Cake/Model/Datasource/DboSource.php(403): DboSource->_execute('SELECT `Video`....', Array)
#2 /opt/lampp/htdocs/videotheque/lib/Cake/Model/Datasource/DboSource.php(647): DboSource->execute('SELECT `Video`....', Array, Array)
#3 /opt/lampp/htdocs/videotheque/lib/Cake/Model/Datasource/DboSource.php(1040): DboSource->fetchAll('SELECT `Video`....', false)
#4 /opt/lampp/htdocs/videotheque/lib/Cake/Model/Model.php(2460): DboSource->read(Object(Video), Array)
#5 /opt/lampp/htdocs/videotheque/app/Controller/VideosController.php(26): Model->find('all', Array)
#6 [internal function]: VideosController->menu()
#7 /opt/lampp/htdocs/videotheque/lib/Cake/Controller/Controller.php(473): ReflectionMethod->invokeArgs(Object(VideosController), Array)
#8 /opt/lampp/htdocs/videotheque/lib/Cake/Routing/Dispatcher.php(107): Controller->invokeAction(Object(CakeRequest))
#9 /opt/lampp/htdocs/videotheque/lib/Cake/Routing/Dispatcher.php(89): Dispatcher->_invoke(Object(VideosController), Object(CakeRequest), Object(CakeResponse))
#10 /opt/lampp/htdocs/videotheque/app/webroot/index.php(96): Dispatcher->dispatch(Object(CakeRequest), Object(CakeResponse))
#11 {main}
2012-05-18 19:00:50 Error: [MissingActionException] Action VideosController::admin_index() could not be found.
#0 /opt/lampp/htdocs/videotheque/lib/Cake/Routing/Dispatcher.php(107): Controller->invokeAction(Object(CakeRequest))
#1 /opt/lampp/htdocs/videotheque/lib/Cake/Routing/Dispatcher.php(89): Dispatcher->_invoke(Object(VideosController), Object(CakeRequest), Object(CakeResponse))
#2 /opt/lampp/htdocs/videotheque/app/webroot/index.php(96): Dispatcher->dispatch(Object(CakeRequest), Object(CakeResponse))
#3 {main}
2012-05-18 19:01:20 Error: [MissingViewException] View file "/opt/lampp/htdocs/videotheque/app/View/Videos/admin_index.ctp" is missing.
#0 /opt/lampp/htdocs/videotheque/lib/Cake/View/View.php(363): View->_getViewFileName(NULL)
#1 /opt/lampp/htdocs/videotheque/lib/Cake/Controller/Controller.php(900): View->render(NULL, NULL)
#2 /opt/lampp/htdocs/videotheque/lib/Cake/Routing/Dispatcher.php(114): Controller->render()
#3 /opt/lampp/htdocs/videotheque/lib/Cake/Routing/Dispatcher.php(89): Dispatcher->_invoke(Object(VideosController), Object(CakeRequest), Object(CakeResponse))
#4 /opt/lampp/htdocs/videotheque/app/webroot/index.php(96): Dispatcher->dispatch(Object(CakeRequest), Object(CakeResponse))
#5 {main}
2012-05-18 19:05:04 Error: [MissingViewException] View file "/opt/lampp/htdocs/videotheque/app/View/Videos/admin_index.ctp" is missing.
#0 /opt/lampp/htdocs/videotheque/lib/Cake/View/View.php(363): View->_getViewFileName(NULL)
#1 /opt/lampp/htdocs/videotheque/lib/Cake/Controller/Controller.php(900): View->render(NULL, NULL)
#2 /opt/lampp/htdocs/videotheque/lib/Cake/Routing/Dispatcher.php(114): Controller->render()
#3 /opt/lampp/htdocs/videotheque/lib/Cake/Routing/Dispatcher.php(89): Dispatcher->_invoke(Object(VideosController), Object(CakeRequest), Object(CakeResponse))
#4 /opt/lampp/htdocs/videotheque/app/webroot/index.php(96): Dispatcher->dispatch(Object(CakeRequest), Object(CakeResponse))
#5 {main}
2012-05-18 19:08:58 Error: [MissingViewException] View file "/opt/lampp/htdocs/videotheque/app/View/Videos/admin_index.ctp" is missing.
#0 /opt/lampp/htdocs/videotheque/lib/Cake/View/View.php(363): View->_getViewFileName(NULL)
#1 /opt/lampp/htdocs/videotheque/lib/Cake/Controller/Controller.php(900): View->render(NULL, NULL)
#2 /opt/lampp/htdocs/videotheque/lib/Cake/Routing/Dispatcher.php(114): Controller->render()
#3 /opt/lampp/htdocs/videotheque/lib/Cake/Routing/Dispatcher.php(89): Dispatcher->_invoke(Object(VideosController), Object(CakeRequest), Object(CakeResponse))
#4 /opt/lampp/htdocs/videotheque/app/webroot/index.php(96): Dispatcher->dispatch(Object(CakeRequest), Object(CakeResponse))
#5 {main}
2012-05-18 19:11:55 Error: [MissingViewException] View file "/opt/lampp/htdocs/videotheque/app/View/Videos/admin_index.ctp" is missing.
#0 /opt/lampp/htdocs/videotheque/lib/Cake/View/View.php(363): View->_getViewFileName(NULL)
#1 /opt/lampp/htdocs/videotheque/lib/Cake/Controller/Controller.php(900): View->render(NULL, NULL)
#2 /opt/lampp/htdocs/videotheque/lib/Cake/Routing/Dispatcher.php(114): Controller->render()
#3 /opt/lampp/htdocs/videotheque/lib/Cake/Routing/Dispatcher.php(89): Dispatcher->_invoke(Object(VideosController), Object(CakeRequest), Object(CakeResponse))
#4 /opt/lampp/htdocs/videotheque/app/webroot/index.php(96): Dispatcher->dispatch(Object(CakeRequest), Object(CakeResponse))
#5 {main}
2012-05-18 19:12:44 Error: [MissingViewException] View file "/opt/lampp/htdocs/videotheque/app/View/Videos/admin_index.ctp" is missing.
#0 /opt/lampp/htdocs/videotheque/lib/Cake/View/View.php(363): View->_getViewFileName(NULL)
#1 /opt/lampp/htdocs/videotheque/lib/Cake/Controller/Controller.php(900): View->render(NULL, NULL)
#2 /opt/lampp/htdocs/videotheque/lib/Cake/Routing/Dispatcher.php(114): Controller->render()
#3 /opt/lampp/htdocs/videotheque/lib/Cake/Routing/Dispatcher.php(89): Dispatcher->_invoke(Object(VideosController), Object(CakeRequest), Object(CakeResponse))
#4 /opt/lampp/htdocs/videotheque/app/webroot/index.php(96): Dispatcher->dispatch(Object(CakeRequest), Object(CakeResponse))
#5 {main}
2012-05-18 19:14:13 Error: [MissingViewException] View file "/opt/lampp/htdocs/videotheque/app/View/Videos/admin_index.ctp" is missing.
#0 /opt/lampp/htdocs/videotheque/lib/Cake/View/View.php(363): View->_getViewFileName(NULL)
#1 /opt/lampp/htdocs/videotheque/lib/Cake/Controller/Controller.php(900): View->render(NULL, NULL)
#2 /opt/lampp/htdocs/videotheque/lib/Cake/Routing/Dispatcher.php(114): Controller->render()
#3 /opt/lampp/htdocs/videotheque/lib/Cake/Routing/Dispatcher.php(89): Dispatcher->_invoke(Object(VideosController), Object(CakeRequest), Object(CakeResponse))
#4 /opt/lampp/htdocs/videotheque/app/webroot/index.php(96): Dispatcher->dispatch(Object(CakeRequest), Object(CakeResponse))
#5 {main}
2012-05-18 19:28:30 Error: [PDOException] SQLSTATE[42S22]: Column not found: 1054 Unknown column 'type' in 'where clause'
#0 /opt/lampp/htdocs/videotheque/lib/Cake/Model/Datasource/DboSource.php(436): PDOStatement->execute(Array)
#1 /opt/lampp/htdocs/videotheque/lib/Cake/Model/Datasource/DboSource.php(403): DboSource->_execute('SELECT `Video`....', Array)
#2 /opt/lampp/htdocs/videotheque/lib/Cake/Model/Datasource/DboSource.php(647): DboSource->execute('SELECT `Video`....', Array, Array)
#3 /opt/lampp/htdocs/videotheque/lib/Cake/Model/Datasource/DboSource.php(1040): DboSource->fetchAll('SELECT `Video`....', false)
#4 /opt/lampp/htdocs/videotheque/lib/Cake/Model/Model.php(2460): DboSource->read(Object(Video), Array)
#5 /opt/lampp/htdocs/videotheque/lib/Cake/Controller/Component/PaginatorComponent.php(172): Model->find('all', Array)
#6 /opt/lampp/htdocs/videotheque/lib/Cake/Controller/Controller.php(1025): PaginatorComponent->paginate('Video', Array, Array)
#7 /opt/lampp/htdocs/videotheque/app/Controller/VideosController.php(51): Controller->paginate('Video', Array)
#8 [internal function]: VideosController->admin_index()
#9 /opt/lampp/htdocs/videotheque/lib/Cake/Controller/Controller.php(473): ReflectionMethod->invokeArgs(Object(VideosController), Array)
#10 /opt/lampp/htdocs/videotheque/lib/Cake/Routing/Dispatcher.php(107): Controller->invokeAction(Object(CakeRequest))
#11 /opt/lampp/htdocs/videotheque/lib/Cake/Routing/Dispatcher.php(89): Dispatcher->_invoke(Object(VideosController), Object(CakeRequest), Object(CakeResponse))
#12 /opt/lampp/htdocs/videotheque/app/webroot/index.php(96): Dispatcher->dispatch(Object(CakeRequest), Object(CakeResponse))
#13 {main}
2012-05-18 19:29:58 Error: [PDOException] SQLSTATE[42000]: Syntax error or access violation: 1064 You have an error in your SQL syntax; check the manual that corresponds to your MySQL server version for the right syntax to use near 'all    LIMIT 20' at line 1
#0 /opt/lampp/htdocs/videotheque/lib/Cake/Model/Datasource/DboSource.php(436): PDOStatement->execute(Array)
#1 /opt/lampp/htdocs/videotheque/lib/Cake/Model/Datasource/DboSource.php(403): DboSource->_execute('SELECT `Video`....', Array)
#2 /opt/lampp/htdocs/videotheque/lib/Cake/Model/Datasource/DboSource.php(647): DboSource->execute('SELECT `Video`....', Array, Array)
#3 /opt/lampp/htdocs/videotheque/lib/Cake/Model/Datasource/DboSource.php(1040): DboSource->fetchAll('SELECT `Video`....', false)
#4 /opt/lampp/htdocs/videotheque/lib/Cake/Model/Model.php(2460): DboSource->read(Object(Video), Array)
#5 /opt/lampp/htdocs/videotheque/lib/Cake/Controller/Component/PaginatorComponent.php(172): Model->find('all', Array)
#6 /opt/lampp/htdocs/videotheque/lib/Cake/Controller/Controller.php(1025): PaginatorComponent->paginate('Video', 'all', Array)
#7 /opt/lampp/htdocs/videotheque/app/Controller/VideosController.php(51): Controller->paginate('Video', 'all')
#8 [internal function]: VideosController->admin_index()
#9 /opt/lampp/htdocs/videotheque/lib/Cake/Controller/Controller.php(473): ReflectionMethod->invokeArgs(Object(VideosController), Array)
#10 /opt/lampp/htdocs/videotheque/lib/Cake/Routing/Dispatcher.php(107): Controller->invokeAction(Object(CakeRequest))
#11 /opt/lampp/htdocs/videotheque/lib/Cake/Routing/Dispatcher.php(89): Dispatcher->_invoke(Object(VideosController), Object(CakeRequest), Object(CakeResponse))
#12 /opt/lampp/htdocs/videotheque/app/webroot/index.php(96): Dispatcher->dispatch(Object(CakeRequest), Object(CakeResponse))
#13 {main}
2012-05-18 20:09:49 Error: [MissingActionException] Action VideosController::admin_delete() could not be found.
#0 /opt/lampp/htdocs/videotheque/lib/Cake/Routing/Dispatcher.php(107): Controller->invokeAction(Object(CakeRequest))
#1 /opt/lampp/htdocs/videotheque/lib/Cake/Routing/Dispatcher.php(89): Dispatcher->_invoke(Object(VideosController), Object(CakeRequest), Object(CakeResponse))
#2 /opt/lampp/htdocs/videotheque/app/webroot/index.php(96): Dispatcher->dispatch(Object(CakeRequest), Object(CakeResponse))
#3 {main}
2012-05-18 21:13:09 Error: [MissingActionException] Action VideosController::admin_edit() could not be found.
#0 /opt/lampp/htdocs/videotheque/lib/Cake/Routing/Dispatcher.php(107): Controller->invokeAction(Object(CakeRequest))
#1 /opt/lampp/htdocs/videotheque/lib/Cake/Routing/Dispatcher.php(89): Dispatcher->_invoke(Object(VideosController), Object(CakeRequest), Object(CakeResponse))
#2 /opt/lampp/htdocs/videotheque/app/webroot/index.php(96): Dispatcher->dispatch(Object(CakeRequest), Object(CakeResponse))
#3 {main}
2012-05-18 21:15:10 Error: [MissingActionException] Action VideosController::admin_edit() could not be found.
#0 /opt/lampp/htdocs/videotheque/lib/Cake/Routing/Dispatcher.php(107): Controller->invokeAction(Object(CakeRequest))
#1 /opt/lampp/htdocs/videotheque/lib/Cake/Routing/Dispatcher.php(89): Dispatcher->_invoke(Object(VideosController), Object(CakeRequest), Object(CakeResponse))
#2 /opt/lampp/htdocs/videotheque/app/webroot/index.php(96): Dispatcher->dispatch(Object(CakeRequest), Object(CakeResponse))
#3 {main}
2012-05-18 21:15:36 Error: [MissingActionException] Action VideosController::admin_edit() could not be found.
#0 /opt/lampp/htdocs/videotheque/lib/Cake/Routing/Dispatcher.php(107): Controller->invokeAction(Object(CakeRequest))
#1 /opt/lampp/htdocs/videotheque/lib/Cake/Routing/Dispatcher.php(89): Dispatcher->_invoke(Object(VideosController), Object(CakeRequest), Object(CakeResponse))
#2 /opt/lampp/htdocs/videotheque/app/webroot/index.php(96): Dispatcher->dispatch(Object(CakeRequest), Object(CakeResponse))
#3 {main}
2012-05-18 21:15:43 Error: [MissingActionException] Action VideosController::admin_edit() could not be found.
#0 /opt/lampp/htdocs/videotheque/lib/Cake/Routing/Dispatcher.php(107): Controller->invokeAction(Object(CakeRequest))
#1 /opt/lampp/htdocs/videotheque/lib/Cake/Routing/Dispatcher.php(89): Dispatcher->_invoke(Object(VideosController), Object(CakeRequest), Object(CakeResponse))
#2 /opt/lampp/htdocs/videotheque/app/webroot/index.php(96): Dispatcher->dispatch(Object(CakeRequest), Object(CakeResponse))
#3 {main}
2012-05-19 19:05:32 Error: [MissingControllerException] Controller class LibController could not be found.
#0 /opt/lampp/htdocs/videotheque/app/webroot/index.php(96): Dispatcher->dispatch(Object(CakeRequest), Object(CakeResponse))
#1 {main}
2012-05-19 19:05:44 Error: [MissingActionException] Action AppController::Lib() could not be found.
#0 /opt/lampp/htdocs/videotheque/lib/Cake/Routing/Dispatcher.php(107): Controller->invokeAction(Object(CakeRequest))
#1 /opt/lampp/htdocs/videotheque/lib/Cake/Routing/Dispatcher.php(89): Dispatcher->_invoke(Object(AppController), Object(CakeRequest), Object(CakeResponse))
#2 /opt/lampp/htdocs/videotheque/app/webroot/index.php(96): Dispatcher->dispatch(Object(CakeRequest), Object(CakeResponse))
#3 {main}
2012-05-19 19:16:47 Error: [MissingActionException] Action AppController::Lib() could not be found.
#0 /opt/lampp/htdocs/videotheque/lib/Cake/Routing/Dispatcher.php(107): Controller->invokeAction(Object(CakeRequest))
#1 /opt/lampp/htdocs/videotheque/lib/Cake/Routing/Dispatcher.php(89): Dispatcher->_invoke(Object(AppController), Object(CakeRequest), Object(CakeResponse))
#2 /opt/lampp/htdocs/videotheque/app/webroot/index.php(96): Dispatcher->dispatch(Object(CakeRequest), Object(CakeResponse))
#3 {main}
2012-05-20 16:16:11 Error: [MissingViewException] View file "/opt/lampp/htdocs/videotheque/app/View/Medias/admin_index.ctp" is missing.
#0 /opt/lampp/htdocs/videotheque/lib/Cake/View/View.php(363): View->_getViewFileName(NULL)
#1 /opt/lampp/htdocs/videotheque/lib/Cake/Controller/Controller.php(900): View->render(NULL, NULL)
#2 /opt/lampp/htdocs/videotheque/lib/Cake/Routing/Dispatcher.php(114): Controller->render()
#3 /opt/lampp/htdocs/videotheque/lib/Cake/Routing/Dispatcher.php(89): Dispatcher->_invoke(Object(MediasController), Object(CakeRequest), Object(CakeResponse))
#4 /opt/lampp/htdocs/videotheque/app/webroot/index.php(96): Dispatcher->dispatch(Object(CakeRequest), Object(CakeResponse))
#5 {main}
2012-05-20 16:21:01 Error: [MissingActionException] Action MediasController::admin_edit() could not be found.
#0 /opt/lampp/htdocs/videotheque/lib/Cake/Routing/Dispatcher.php(107): Controller->invokeAction(Object(CakeRequest))
#1 /opt/lampp/htdocs/videotheque/lib/Cake/Routing/Dispatcher.php(89): Dispatcher->_invoke(Object(MediasController), Object(CakeRequest), Object(CakeResponse))
#2 /opt/lampp/htdocs/videotheque/app/webroot/index.php(96): Dispatcher->dispatch(Object(CakeRequest), Object(CakeResponse))
#3 {main}
2012-05-20 16:21:11 Error: [MissingActionException] Action MediasController::admin_edit() could not be found.
#0 /opt/lampp/htdocs/videotheque/lib/Cake/Routing/Dispatcher.php(107): Controller->invokeAction(Object(CakeRequest))
#1 /opt/lampp/htdocs/videotheque/lib/Cake/Routing/Dispatcher.php(89): Dispatcher->_invoke(Object(MediasController), Object(CakeRequest), Object(CakeResponse))
#2 /opt/lampp/htdocs/videotheque/app/webroot/index.php(96): Dispatcher->dispatch(Object(CakeRequest), Object(CakeResponse))
#3 {main}
2012-05-20 16:24:47 Error: [MissingActionException] Action MediasController::admin_videos() could not be found.
#0 /opt/lampp/htdocs/videotheque/lib/Cake/Routing/Dispatcher.php(107): Controller->invokeAction(Object(CakeRequest))
#1 /opt/lampp/htdocs/videotheque/lib/Cake/Routing/Dispatcher.php(89): Dispatcher->_invoke(Object(MediasController), Object(CakeRequest), Object(CakeResponse))
#2 /opt/lampp/htdocs/videotheque/app/webroot/index.php(96): Dispatcher->dispatch(Object(CakeRequest), Object(CakeResponse))
#3 {main}
2012-05-20 16:26:21 Error: [MissingActionException] Action VideosController::admin_videos() could not be found.
#0 /opt/lampp/htdocs/videotheque/lib/Cake/Routing/Dispatcher.php(107): Controller->invokeAction(Object(CakeRequest))
#1 /opt/lampp/htdocs/videotheque/lib/Cake/Routing/Dispatcher.php(89): Dispatcher->_invoke(Object(VideosController), Object(CakeRequest), Object(CakeResponse))
#2 /opt/lampp/htdocs/videotheque/app/webroot/index.php(96): Dispatcher->dispatch(Object(CakeRequest), Object(CakeResponse))
#3 {main}
2012-05-20 16:38:59 Error: [MissingTableException] Database table media for model Media was not found.
#0 /opt/lampp/htdocs/videotheque/lib/Cake/Model/Model.php(3238): Model->setSource('media')
#1 /opt/lampp/htdocs/videotheque/lib/Cake/Model/Model.php(2460): Model->getDataSource()
#2 /opt/lampp/htdocs/videotheque/app/Controller/MediasController.php(5): Model->find('all', Array)
#3 [internal function]: MediasController->admin_index()
#4 /opt/lampp/htdocs/videotheque/lib/Cake/Controller/Controller.php(473): ReflectionMethod->invokeArgs(Object(MediasController), Array)
#5 /opt/lampp/htdocs/videotheque/lib/Cake/Routing/Dispatcher.php(107): Controller->invokeAction(Object(CakeRequest))
#6 /opt/lampp/htdocs/videotheque/lib/Cake/Routing/Dispatcher.php(89): Dispatcher->_invoke(Object(MediasController), Object(CakeRequest), Object(CakeResponse))
#7 /opt/lampp/htdocs/videotheque/app/webroot/index.php(96): Dispatcher->dispatch(Object(CakeRequest), Object(CakeResponse))
#8 {main}
2012-05-20 16:39:03 Error: [MissingTableException] Database table media for model Media was not found.
#0 /opt/lampp/htdocs/videotheque/lib/Cake/Model/Model.php(3238): Model->setSource('media')
#1 /opt/lampp/htdocs/videotheque/lib/Cake/Model/Model.php(2460): Model->getDataSource()
#2 /opt/lampp/htdocs/videotheque/app/Controller/MediasController.php(5): Model->find('all', Array)
#3 [internal function]: MediasController->admin_index('1')
#4 /opt/lampp/htdocs/videotheque/lib/Cake/Controller/Controller.php(473): ReflectionMethod->invokeArgs(Object(MediasController), Array)
#5 /opt/lampp/htdocs/videotheque/lib/Cake/Routing/Dispatcher.php(107): Controller->invokeAction(Object(CakeRequest))
#6 /opt/lampp/htdocs/videotheque/lib/Cake/Routing/Dispatcher.php(89): Dispatcher->_invoke(Object(MediasController), Object(CakeRequest), Object(CakeResponse))
#7 /opt/lampp/htdocs/videotheque/app/webroot/index.php(96): Dispatcher->dispatch(Object(CakeRequest), Object(CakeResponse))
#8 {main}
2012-05-20 16:56:46 Error: [MissingActionException] Action MediasController::admin_function.mkdir() could not be found.
#0 /opt/lampp/htdocs/videotheque/lib/Cake/Routing/Dispatcher.php(107): Controller->invokeAction(Object(CakeRequest))
#1 /opt/lampp/htdocs/videotheque/lib/Cake/Routing/Dispatcher.php(89): Dispatcher->_invoke(Object(MediasController), Object(CakeRequest), Object(CakeResponse))
#2 /opt/lampp/htdocs/videotheque/app/webroot/index.php(96): Dispatcher->dispatch(Object(CakeRequest), Object(CakeResponse))
#3 {main}
2012-05-20 17:28:49 Error: [MissingControllerException] Controller class Test-error-iconController could not be found.
#0 /opt/lampp/htdocs/videotheque/app/webroot/index.php(96): Dispatcher->dispatch(Object(CakeRequest), Object(CakeResponse))
#1 {main}
2012-05-20 17:28:49 Error: [MissingControllerException] Controller class ImgController could not be found.
#0 /opt/lampp/htdocs/videotheque/app/webroot/index.php(96): Dispatcher->dispatch(Object(CakeRequest), Object(CakeResponse))
#1 {main}
2012-05-20 17:28:49 Error: [MissingControllerException] Controller class ImgController could not be found.
#0 /opt/lampp/htdocs/videotheque/app/webroot/index.php(96): Dispatcher->dispatch(Object(CakeRequest), Object(CakeResponse))
#1 {main}
2012-05-20 17:29:59 Error: [MissingControllerException] Controller class ImgController could not be found.
#0 /opt/lampp/htdocs/videotheque/app/webroot/index.php(96): Dispatcher->dispatch(Object(CakeRequest), Object(CakeResponse))
#1 {main}
2012-05-20 17:29:59 Error: [MissingControllerException] Controller class ImgController could not be found.
#0 /opt/lampp/htdocs/videotheque/app/webroot/index.php(96): Dispatcher->dispatch(Object(CakeRequest), Object(CakeResponse))
#1 {main}
2012-05-20 17:30:34 Error: [MissingControllerException] Controller class WebrootController could not be found.
#0 /opt/lampp/htdocs/videotheque/app/webroot/index.php(96): Dispatcher->dispatch(Object(CakeRequest), Object(CakeResponse))
#1 {main}
2012-05-20 17:31:03 Error: [MissingControllerException] Controller class WebrootController could not be found.
#0 /opt/lampp/htdocs/videotheque/app/webroot/index.php(96): Dispatcher->dispatch(Object(CakeRequest), Object(CakeResponse))
#1 {main}
2012-05-20 17:48:27 Error: [NotFoundException] Aucune vidéo ne correspond à cet ID (11).
#0 [internal function]: MediasController->admin_show('11')
#1 /opt/lampp/htdocs/videotheque/lib/Cake/Controller/Controller.php(473): ReflectionMethod->invokeArgs(Object(MediasController), Array)
#2 /opt/lampp/htdocs/videotheque/lib/Cake/Routing/Dispatcher.php(107): Controller->invokeAction(Object(CakeRequest))
#3 /opt/lampp/htdocs/videotheque/lib/Cake/Routing/Dispatcher.php(89): Dispatcher->_invoke(Object(MediasController), Object(CakeRequest), Object(CakeResponse))
#4 /opt/lampp/htdocs/videotheque/app/webroot/index.php(96): Dispatcher->dispatch(Object(CakeRequest), Object(CakeResponse))
#5 {main}
2012-05-20 18:09:39 Error: [MissingActionException] Action MediasController::admin_edit() could not be found.
#0 /opt/lampp/htdocs/videotheque/lib/Cake/Routing/Dispatcher.php(107): Controller->invokeAction(Object(CakeRequest))
#1 /opt/lampp/htdocs/videotheque/lib/Cake/Routing/Dispatcher.php(89): Dispatcher->_invoke(Object(MediasController), Object(CakeRequest), Object(CakeResponse))
#2 /opt/lampp/htdocs/videotheque/app/webroot/index.php(96): Dispatcher->dispatch(Object(CakeRequest), Object(CakeResponse))
#3 {main}
2012-05-20 18:32:14 Error: [PDOException] SQLSTATE[23000]: Integrity constraint violation: 1052 Column 'id' in where clause is ambiguous
#0 /opt/lampp/htdocs/videotheque/lib/Cake/Model/Datasource/DboSource.php(436): PDOStatement->execute(Array)
#1 /opt/lampp/htdocs/videotheque/lib/Cake/Model/Datasource/DboSource.php(403): DboSource->_execute('SELECT `Video`....', Array)
#2 /opt/lampp/htdocs/videotheque/lib/Cake/Model/Datasource/DboSource.php(647): DboSource->execute('SELECT `Video`....', Array, Array)
#3 /opt/lampp/htdocs/videotheque/lib/Cake/Model/Datasource/DboSource.php(1040): DboSource->fetchAll('SELECT `Video`....', false)
#4 /opt/lampp/htdocs/videotheque/lib/Cake/Model/Model.php(2460): DboSource->read(Object(Video), Array)
#5 /opt/lampp/htdocs/videotheque/app/Controller/MediasController.php(35): Model->find('first', Array)
#6 [internal function]: MediasController->admin_index('1')
#7 /opt/lampp/htdocs/videotheque/lib/Cake/Controller/Controller.php(473): ReflectionMethod->invokeArgs(Object(MediasController), Array)
#8 /opt/lampp/htdocs/videotheque/lib/Cake/Routing/Dispatcher.php(107): Controller->invokeAction(Object(CakeRequest))
#9 /opt/lampp/htdocs/videotheque/lib/Cake/Routing/Dispatcher.php(89): Dispatcher->_invoke(Object(MediasController), Object(CakeRequest), Object(CakeResponse))
#10 /opt/lampp/htdocs/videotheque/app/webroot/index.php(96): Dispatcher->dispatch(Object(CakeRequest), Object(CakeResponse))
#11 {main}
2012-05-20 18:32:47 Error: [PDOException] SQLSTATE[23000]: Integrity constraint violation: 1052 Column 'id' in where clause is ambiguous
#0 /opt/lampp/htdocs/videotheque/lib/Cake/Model/Datasource/DboSource.php(436): PDOStatement->execute(Array)
#1 /opt/lampp/htdocs/videotheque/lib/Cake/Model/Datasource/DboSource.php(403): DboSource->_execute('SELECT `Video`....', Array)
#2 /opt/lampp/htdocs/videotheque/lib/Cake/Model/Datasource/DboSource.php(647): DboSource->execute('SELECT `Video`....', Array, Array)
#3 /opt/lampp/htdocs/videotheque/lib/Cake/Model/Datasource/DboSource.php(1040): DboSource->fetchAll('SELECT `Video`....', false)
#4 /opt/lampp/htdocs/videotheque/lib/Cake/Model/Model.php(2460): DboSource->read(Object(Video), Array)
#5 /opt/lampp/htdocs/videotheque/app/Controller/MediasController.php(35): Model->find('first', Array)
#6 [internal function]: MediasController->admin_index('1')
#7 /opt/lampp/htdocs/videotheque/lib/Cake/Controller/Controller.php(473): ReflectionMethod->invokeArgs(Object(MediasController), Array)
#8 /opt/lampp/htdocs/videotheque/lib/Cake/Routing/Dispatcher.php(107): Controller->invokeAction(Object(CakeRequest))
#9 /opt/lampp/htdocs/videotheque/lib/Cake/Routing/Dispatcher.php(89): Dispatcher->_invoke(Object(MediasController), Object(CakeRequest), Object(CakeResponse))
#10 /opt/lampp/htdocs/videotheque/app/webroot/index.php(96): Dispatcher->dispatch(Object(CakeRequest), Object(CakeResponse))
#11 {main}
2012-05-20 18:44:13 Error: [MissingControllerException] Controller class ImgController could not be found.
#0 /opt/lampp/htdocs/videotheque/app/webroot/index.php(96): Dispatcher->dispatch(Object(CakeRequest), Object(CakeResponse))
#1 {main}
2012-05-20 18:44:13 Error: [MissingControllerException] Controller class ImgController could not be found.
#0 /opt/lampp/htdocs/videotheque/app/webroot/index.php(96): Dispatcher->dispatch(Object(CakeRequest), Object(CakeResponse))
#1 {main}
2012-05-20 18:44:54 Error: [MissingControllerException] Controller class ImgController could not be found.
#0 /opt/lampp/htdocs/videotheque/app/webroot/index.php(96): Dispatcher->dispatch(Object(CakeRequest), Object(CakeResponse))
#1 {main}
2012-05-20 18:44:54 Error: [MissingControllerException] Controller class ImgController could not be found.
#0 /opt/lampp/htdocs/videotheque/app/webroot/index.php(96): Dispatcher->dispatch(Object(CakeRequest), Object(CakeResponse))
#1 {main}
2012-05-20 18:46:06 Error: [MissingControllerException] Controller class ImgController could not be found.
#0 /opt/lampp/htdocs/videotheque/app/webroot/index.php(96): Dispatcher->dispatch(Object(CakeRequest), Object(CakeResponse))
#1 {main}
2012-05-20 18:47:02 Error: [MissingControllerException] Controller class ImgController could not be found.
#0 /opt/lampp/htdocs/videotheque/app/webroot/index.php(96): Dispatcher->dispatch(Object(CakeRequest), Object(CakeResponse))
#1 {main}
2012-05-20 19:53:37 Error: [MissingControllerException] Controller class VideothequeController could not be found.
#0 /opt/lampp/htdocs/videotheque/app/webroot/index.php(96): Dispatcher->dispatch(Object(CakeRequest), Object(CakeResponse))
#1 {main}
2012-05-22 20:28:35 Error: [MissingControllerException] Controller class ImgController could not be found.
#0 /opt/lampp/htdocs/videotheque/app/webroot/index.php(96): Dispatcher->dispatch(Object(CakeRequest), Object(CakeResponse))
#1 {main}
2012-05-22 20:37:49 Error: [MissingControllerException] Controller class ImgController could not be found.
#0 /opt/lampp/htdocs/videotheque/app/webroot/index.php(96): Dispatcher->dispatch(Object(CakeRequest), Object(CakeResponse))
#1 {main}
2012-05-22 20:46:42 Error: [MissingControllerException] Controller class ImgController could not be found.
#0 /opt/lampp/htdocs/videotheque/app/webroot/index.php(96): Dispatcher->dispatch(Object(CakeRequest), Object(CakeResponse))
#1 {main}
2012-05-22 20:46:45 Error: [MissingControllerException] Controller class ImgController could not be found.
#0 /opt/lampp/htdocs/videotheque/app/webroot/index.php(96): Dispatcher->dispatch(Object(CakeRequest), Object(CakeResponse))
#1 {main}
2012-05-22 20:52:54 Error: [MissingControllerException] Controller class ImgController could not be found.
#0 /opt/lampp/htdocs/videotheque/app/webroot/index.php(96): Dispatcher->dispatch(Object(CakeRequest), Object(CakeResponse))
#1 {main}
2012-05-22 20:55:38 Error: [MissingControllerException] Controller class ImgController could not be found.
#0 /opt/lampp/htdocs/videotheque/app/webroot/index.php(96): Dispatcher->dispatch(Object(CakeRequest), Object(CakeResponse))
#1 {main}
2012-05-22 21:03:42 Error: [MissingControllerException] Controller class ImgController could not be found.
#0 /opt/lampp/htdocs/videotheque/app/webroot/index.php(96): Dispatcher->dispatch(Object(CakeRequest), Object(CakeResponse))
#1 {main}
2012-05-22 23:45:38 Error: [MissingControllerException] Controller class ImgController could not be found.
#0 /opt/lampp/htdocs/videotheque/app/webroot/index.php(96): Dispatcher->dispatch(Object(CakeRequest), Object(CakeResponse))
#1 {main}
2012-05-23 00:16:24 Error: [MissingControllerException] Controller class ImgController could not be found.
#0 /opt/lampp/htdocs/videotheque/app/webroot/index.php(96): Dispatcher->dispatch(Object(CakeRequest), Object(CakeResponse))
#1 {main}
2012-05-23 00:30:26 Error: [MissingControllerException] Controller class ImgController could not be found.
#0 /opt/lampp/htdocs/videotheque/app/webroot/index.php(96): Dispatcher->dispatch(Object(CakeRequest), Object(CakeResponse))
#1 {main}
2012-05-23 00:37:25 Error: [MissingViewException] View file "/opt/lampp/htdocs/videotheque/app/View/Medias/admin_index.ctp" is missing.
#0 /opt/lampp/htdocs/videotheque/lib/Cake/View/View.php(363): View->_getViewFileName(NULL)
#1 /opt/lampp/htdocs/videotheque/lib/Cake/Controller/Controller.php(900): View->render(NULL, NULL)
#2 /opt/lampp/htdocs/videotheque/lib/Cake/Routing/Dispatcher.php(114): Controller->render()
#3 /opt/lampp/htdocs/videotheque/lib/Cake/Routing/Dispatcher.php(89): Dispatcher->_invoke(Object(MediasController), Object(CakeRequest), Object(CakeResponse))
#4 /opt/lampp/htdocs/videotheque/app/webroot/index.php(96): Dispatcher->dispatch(Object(CakeRequest), Object(CakeResponse))
#5 {main}
2012-05-23 00:40:01 Error: [MissingControllerException] Controller class ImgController could not be found.
#0 /opt/lampp/htdocs/videotheque/app/webroot/index.php(96): Dispatcher->dispatch(Object(CakeRequest), Object(CakeResponse))
#1 {main}
2012-05-23 00:40:18 Error: [MissingControllerException] Controller class ImgController could not be found.
#0 /opt/lampp/htdocs/videotheque/app/webroot/index.php(96): Dispatcher->dispatch(Object(CakeRequest), Object(CakeResponse))
#1 {main}
2012-05-23 00:40:31 Error: [MissingControllerException] Controller class ImgController could not be found.
#0 /opt/lampp/htdocs/videotheque/app/webroot/index.php(96): Dispatcher->dispatch(Object(CakeRequest), Object(CakeResponse))
#1 {main}
2012-05-23 01:03:51 Error: [MissingControllerException] Controller class ImgController could not be found.
#0 /opt/lampp/htdocs/videotheque/app/webroot/index.php(96): Dispatcher->dispatch(Object(CakeRequest), Object(CakeResponse))
#1 {main}
2012-05-23 01:05:23 Error: [MissingControllerException] Controller class ImgController could not be found.
#0 /opt/lampp/htdocs/videotheque/app/webroot/index.php(96): Dispatcher->dispatch(Object(CakeRequest), Object(CakeResponse))
#1 {main}
2012-05-23 01:09:06 Error: [MissingControllerException] Controller class ImgController could not be found.
#0 /opt/lampp/htdocs/videotheque/app/webroot/index.php(96): Dispatcher->dispatch(Object(CakeRequest), Object(CakeResponse))
#1 {main}
2012-05-26 12:07:59 Error: [MissingControllerException] Controller class ImgController could not be found.
#0 /opt/lampp/htdocs/videotheque/app/webroot/index.php(96): Dispatcher->dispatch(Object(CakeRequest), Object(CakeResponse))
#1 {main}
2012-05-26 12:11:39 Error: [MissingControllerException] Controller class ImgController could not be found.
#0 /opt/lampp/htdocs/videotheque/app/webroot/index.php(96): Dispatcher->dispatch(Object(CakeRequest), Object(CakeResponse))
#1 {main}
2012-05-26 12:43:45 Error: [MissingControllerException] Controller class ImgController could not be found.
#0 /opt/lampp/htdocs/videotheque/app/webroot/index.php(96): Dispatcher->dispatch(Object(CakeRequest), Object(CakeResponse))
#1 {main}
2012-05-26 12:47:52 Error: [MissingControllerException] Controller class ImgController could not be found.
#0 /opt/lampp/htdocs/videotheque/app/webroot/index.php(96): Dispatcher->dispatch(Object(CakeRequest), Object(CakeResponse))
#1 {main}
2012-05-26 12:48:25 Error: [MissingControllerException] Controller class ImgController could not be found.
#0 /opt/lampp/htdocs/videotheque/app/webroot/index.php(96): Dispatcher->dispatch(Object(CakeRequest), Object(CakeResponse))
#1 {main}
2012-05-26 12:48:29 Error: [MissingControllerException] Controller class ImgController could not be found.
#0 /opt/lampp/htdocs/videotheque/app/webroot/index.php(96): Dispatcher->dispatch(Object(CakeRequest), Object(CakeResponse))
#1 {main}
2012-05-26 12:48:33 Error: [MissingControllerException] Controller class ImgController could not be found.
#0 /opt/lampp/htdocs/videotheque/app/webroot/index.php(96): Dispatcher->dispatch(Object(CakeRequest), Object(CakeResponse))
#1 {main}
2012-05-26 12:52:03 Error: [MissingControllerException] Controller class ImgController could not be found.
#0 /opt/lampp/htdocs/videotheque/app/webroot/index.php(96): Dispatcher->dispatch(Object(CakeRequest), Object(CakeResponse))
#1 {main}
2012-05-26 12:52:30 Error: [MissingControllerException] Controller class ImgController could not be found.
#0 /opt/lampp/htdocs/videotheque/app/webroot/index.php(96): Dispatcher->dispatch(Object(CakeRequest), Object(CakeResponse))
#1 {main}
2012-05-26 12:53:28 Error: [MissingControllerException] Controller class ImgController could not be found.
#0 /opt/lampp/htdocs/videotheque/app/webroot/index.php(96): Dispatcher->dispatch(Object(CakeRequest), Object(CakeResponse))
#1 {main}
2012-05-26 13:07:41 Error: [MissingControllerException] Controller class ImgController could not be found.
#0 /opt/lampp/htdocs/videotheque/app/webroot/index.php(96): Dispatcher->dispatch(Object(CakeRequest), Object(CakeResponse))
#1 {main}
2012-05-26 13:54:32 Error: [MissingControllerException] Controller class ImgController could not be found.
#0 /opt/lampp/htdocs/videotheque/app/webroot/index.php(96): Dispatcher->dispatch(Object(CakeRequest), Object(CakeResponse))
#1 {main}
2012-05-26 13:55:05 Error: [MissingControllerException] Controller class ImgController could not be found.
#0 /opt/lampp/htdocs/videotheque/app/webroot/index.php(96): Dispatcher->dispatch(Object(CakeRequest), Object(CakeResponse))
#1 {main}
2012-05-26 13:57:07 Error: [MissingControllerException] Controller class VideothequeController could not be found.
#0 /opt/lampp/htdocs/videotheque/app/webroot/index.php(96): Dispatcher->dispatch(Object(CakeRequest), Object(CakeResponse))
#1 {main}
2012-05-26 14:00:36 Error: [MissingControllerException] Controller class VideothequeController could not be found.
#0 /opt/lampp/htdocs/videotheque/app/webroot/index.php(96): Dispatcher->dispatch(Object(CakeRequest), Object(CakeResponse))
#1 {main}
2012-05-26 14:06:27 Error: [MissingControllerException] Controller class VideothequeController could not be found.
#0 /opt/lampp/htdocs/videotheque/app/webroot/index.php(96): Dispatcher->dispatch(Object(CakeRequest), Object(CakeResponse))
#1 {main}
2012-05-26 14:06:38 Error: [MissingControllerException] Controller class VideothequeController could not be found.
#0 /opt/lampp/htdocs/videotheque/app/webroot/index.php(96): Dispatcher->dispatch(Object(CakeRequest), Object(CakeResponse))
#1 {main}
2012-05-26 14:13:17 Error: [MissingControllerException] Controller class ImgController could not be found.
#0 /opt/lampp/htdocs/videotheque/app/webroot/index.php(96): Dispatcher->dispatch(Object(CakeRequest), Object(CakeResponse))
#1 {main}
2012-05-26 14:13:25 Error: [MissingControllerException] Controller class VideothequeController could not be found.
#0 /opt/lampp/htdocs/videotheque/app/webroot/index.php(96): Dispatcher->dispatch(Object(CakeRequest), Object(CakeResponse))
#1 {main}
2012-05-26 14:13:31 Error: [MissingControllerException] Controller class VideothequeController could not be found.
#0 /opt/lampp/htdocs/videotheque/app/webroot/index.php(96): Dispatcher->dispatch(Object(CakeRequest), Object(CakeResponse))
#1 {main}
2012-05-26 14:15:27 Error: [MissingControllerException] Controller class VideothequeController could not be found.
#0 /opt/lampp/htdocs/videotheque/app/webroot/index.php(96): Dispatcher->dispatch(Object(CakeRequest), Object(CakeResponse))
#1 {main}
2012-05-26 14:18:55 Error: [MissingControllerException] Controller class ImgController could not be found.
#0 /opt/lampp/htdocs/videotheque/app/webroot/index.php(96): Dispatcher->dispatch(Object(CakeRequest), Object(CakeResponse))
#1 {main}
2012-05-26 15:08:18 Error: [MissingControllerException] Controller class ImgController could not be found.
#0 /opt/lampp/htdocs/videotheque/app/webroot/index.php(96): Dispatcher->dispatch(Object(CakeRequest), Object(CakeResponse))
#1 {main}
